<?xml version="1.0" encoding="UTF-8"?>
<testsuite name="tests.WebQuizEngineTest" tests="1" skipped="0" failures="0" errors="0" timestamp="2024-05-30T16:33:26" hostname="Dagmar-MacBook-Air.local" time="2.576">
  <properties/>
  <testcase name="start" classname="tests.WebQuizEngineTest" time="2.576"/>
  <system-out><![CDATA[?[1;31m
Start test 1?[0m
?[0;34m
?[0m?[0;34m  .   ____          _            __ _ _
?[0m?[0;34m /\\ / ___'_ __ _ _(_)_ __  __ _ \ \ \ \
?[0m?[0;34m( ( )\___ | '_ | '_| | '_ \/ _` | \ \ \ \
?[0m?[0;34m \\/  ___)| |_)| | | | | || (_| |  ) ) ) )
?[0m?[0;34m  '  |____| .__|_| |_|_| |_\__, | / / / /
?[0m?[0;34m =========|_|==============|___/=/_/_/_/
?[0m?[0;34m :: Spring Boot ::                (v2.5.6)
?[0m?[0;34m
?[0m?[0;34m2024-05-30 18:33:26.457  INFO 69801 --- [    Test worker] engine.WebQuizEngine                     : Starting WebQuizEngine using Java 17.0.9 on Dagmar-MacBook-Air.local with PID 69801 (started by dasa in /Users/dasa/Web Quiz Engine with Java/Web Quiz Engine with Java/task)
?[0m?[0;34m2024-05-30 18:33:26.459  INFO 69801 --- [    Test worker] engine.WebQuizEngine                     : No active profile set, falling back to default profiles: default
?[0m?[0;34m2024-05-30 18:33:27.573  INFO 69801 --- [    Test worker] o.s.b.w.embedded.tomcat.TomcatWebServer  : Tomcat initialized with port(s): 8889 (http)
?[0m?[0;34m2024-05-30 18:33:27.609  INFO 69801 --- [    Test worker] o.apache.catalina.core.StandardService   : Starting service [Tomcat]
?[0m?[0;34m2024-05-30 18:33:27.610  INFO 69801 --- [    Test worker] org.apache.catalina.core.StandardEngine  : Starting Servlet engine: [Apache Tomcat/9.0.54]
?[0m?[0;34m2024-05-30 18:33:27.691  INFO 69801 --- [    Test worker] o.a.c.c.C.[Tomcat].[localhost].[/]       : Initializing Spring embedded WebApplicationContext
?[0m?[0;34m2024-05-30 18:33:27.691  INFO 69801 --- [    Test worker] w.s.c.ServletWebServerApplicationContext : Root WebApplicationContext: initialization completed in 1206 ms
?[0m?[0;34m2024-05-30 18:33:28.157  INFO 69801 --- [    Test worker] o.s.b.a.e.web.EndpointLinksResolver      : Exposing 14 endpoint(s) beneath base path '/actuator'
?[0m?[0;34m2024-05-30 18:33:28.180  INFO 69801 --- [    Test worker] o.s.b.w.embedded.tomcat.TomcatWebServer  : Tomcat started on port(s): 8889 (http) with context path ''
?[0m?[0;34m2024-05-30 18:33:28.190  INFO 69801 --- [    Test worker] engine.WebQuizEngine                     : Started WebQuizEngine in 1.938 seconds (JVM running for 2.295)
?[0m?[0;34m2024-05-30 18:33:28.230  INFO 69801 --- [    Test worker] engine.WebQuizEngine                     : The application runs at: http://localhost:8889
?[0;34m2024-05-30 18:33:28.581  INFO 69801 --- [nio-8889-exec-1] o.a.c.c.C.[Tomcat].[localhost].[/]       : Initializing Spring DispatcherServlet 'dispatcherServlet'
?[0m?[0;34m2024-05-30 18:33:28.582  INFO 69801 --- [nio-8889-exec-1] o.s.web.servlet.DispatcherServlet        : Initializing Servlet 'dispatcherServlet'
?[0m?[0;34m2024-05-30 18:33:28.585  INFO 69801 --- [nio-8889-exec-1] o.s.web.servlet.DispatcherServlet        : Completed initialization in 3 ms
?[0m?[1;31m
Start test 2?[0m
?[1;31m
Start test 3?[0m
]]></system-out>
  <system-err><![CDATA[]]></system-err>
</testsuite>
